0 info it worked if it ends with ok
1 verbose cli [ 'node', '/usr/local/bin/npm', 'install', 'zlib' ]
2 info using npm@1.4.23
3 info using node@v0.10.31
4 warn package.json domain@0.0.1 domain is also the name of a node core module.
5 verbose readDependencies using package.json deps
6 verbose cache add [ 'zlib', null ]
7 verbose cache add name=undefined spec="zlib" args=["zlib",null]
8 verbose parsed url { protocol: null,
8 verbose parsed url   slashes: null,
8 verbose parsed url   auth: null,
8 verbose parsed url   host: null,
8 verbose parsed url   port: null,
8 verbose parsed url   hostname: null,
8 verbose parsed url   hash: null,
8 verbose parsed url   search: null,
8 verbose parsed url   query: null,
8 verbose parsed url   pathname: 'zlib',
8 verbose parsed url   path: 'zlib',
8 verbose parsed url   href: 'zlib' }
9 silly lockFile 57968f12-zlib zlib
10 verbose lock zlib /Users/peihengyang/.npm/57968f12-zlib.lock
11 silly lockFile 57968f12-zlib zlib
12 silly lockFile 57968f12-zlib zlib
13 verbose addNamed [ 'zlib', '' ]
14 verbose addNamed [ null, '*' ]
15 silly lockFile f86964f4-zlib zlib@
16 verbose lock zlib@ /Users/peihengyang/.npm/f86964f4-zlib.lock
17 silly addNameRange { name: 'zlib', range: '*', hasData: false }
18 verbose request where is /zlib
19 verbose request registry https://registry.npmjs.org/
20 verbose request id 05d4255af4eec1d2
21 verbose url raw /zlib
22 verbose url resolving [ 'https://registry.npmjs.org/', './zlib' ]
23 verbose url resolved https://registry.npmjs.org/zlib
24 verbose request where is https://registry.npmjs.org/zlib
25 info trying registry request attempt 1 at 12:20:40
26 http GET https://registry.npmjs.org/zlib
27 http 200 https://registry.npmjs.org/zlib
28 silly registry.get cb [ 200,
28 silly registry.get   { server: 'CouchDB/1.5.0 (Erlang OTP/R16B03)',
28 silly registry.get     etag: '"EBQNZSBGN9EL34IT3BLYCYHQA"',
28 silly registry.get     'content-type': 'application/json',
28 silly registry.get     'cache-control': 'max-age=60',
28 silly registry.get     'content-length': '6082',
28 silly registry.get     'accept-ranges': 'bytes',
28 silly registry.get     date: 'Mon, 24 Aug 2015 04:20:42 GMT',
28 silly registry.get     via: '1.1 varnish',
28 silly registry.get     age: '0',
28 silly registry.get     connection: 'keep-alive',
28 silly registry.get     'x-served-by': 'cache-nrt6131-NRT',
28 silly registry.get     'x-cache': 'MISS',
28 silly registry.get     'x-cache-hits': '0',
28 silly registry.get     'x-timer': 'S1440390042.601071,VS0,VE116',
28 silly registry.get     vary: 'Accept' } ]
29 silly addNameRange number 2 { name: 'zlib', range: '*', hasData: true }
30 silly addNameRange versions [ 'zlib',
30 silly addNameRange   [ '1.0.0', '1.0.1', '1.0.2', '1.0.3', '1.0.4', '1.0.5' ] ]
31 verbose addNamed [ 'zlib', '1.0.5' ]
32 verbose addNamed [ '1.0.5', '1.0.5' ]
33 silly lockFile 024ae364-zlib-1-0-5 zlib@1.0.5
34 verbose lock zlib@1.0.5 /Users/peihengyang/.npm/024ae364-zlib-1-0-5.lock
35 silly lockFile 53bbe3fb-ry-npmjs-org-zlib-zlib-1-0-5-tgz https://registry.npmjs.org/zlib/-/zlib-1.0.5.tgz
36 verbose lock https://registry.npmjs.org/zlib/-/zlib-1.0.5.tgz /Users/peihengyang/.npm/53bbe3fb-ry-npmjs-org-zlib-zlib-1-0-5-tgz.lock
37 verbose addRemoteTarball [ 'https://registry.npmjs.org/zlib/-/zlib-1.0.5.tgz',
37 verbose addRemoteTarball   '6e7c972fc371c645a6afb03ab14769def114fcc0' ]
38 info retry fetch attempt 1 at 12:20:43
39 verbose fetch to= /tmp/npm-687-gvTpRmma/registry.npmjs.org/zlib/-/zlib-1.0.5.tgz
40 http GET https://registry.npmjs.org/zlib/-/zlib-1.0.5.tgz
41 http 200 https://registry.npmjs.org/zlib/-/zlib-1.0.5.tgz
42 silly lockFile 53bbe3fb-ry-npmjs-org-zlib-zlib-1-0-5-tgz https://registry.npmjs.org/zlib/-/zlib-1.0.5.tgz
43 silly lockFile 53bbe3fb-ry-npmjs-org-zlib-zlib-1-0-5-tgz https://registry.npmjs.org/zlib/-/zlib-1.0.5.tgz
44 silly lockFile 024ae364-zlib-1-0-5 zlib@1.0.5
45 silly lockFile 024ae364-zlib-1-0-5 zlib@1.0.5
46 silly lockFile f86964f4-zlib zlib@
47 silly lockFile f86964f4-zlib zlib@
48 silly resolved [ { name: 'zlib',
48 silly resolved     description: 'Simple, synchronous deflate/inflate for buffers',
48 silly resolved     version: '1.0.5',
48 silly resolved     homepage: 'https://github.com/kkaefer/node-zlib',
48 silly resolved     author: { name: 'Konstantin Käfer', email: 'kkaefer@gmail.com' },
48 silly resolved     repository: { type: 'git', url: 'git://github.com/kkaefer/node-zlib.git' },
48 silly resolved     engines: { node: '>=0.2.0' },
48 silly resolved     licenses: [ [Object] ],
48 silly resolved     main: './lib/zlib',
48 silly resolved     _npmJsonOpts:
48 silly resolved      { file: '/Users/kkaefer/.npm/zlib/1.0.5/package/package.json',
48 silly resolved        contributors: false,
48 silly resolved        serverjs: false,
48 silly resolved        wscript: true },
48 silly resolved     _id: 'zlib@1.0.5',
48 silly resolved     scripts: { preinstall: 'node-waf clean || true; node-waf configure build' },
48 silly resolved     dependencies: {},
48 silly resolved     devDependencies: {},
48 silly resolved     _engineSupported: true,
48 silly resolved     _npmVersion: '1.0.23',
48 silly resolved     _nodeVersion: 'v0.4.9',
48 silly resolved     _defaultsLoaded: true,
48 silly resolved     dist:
48 silly resolved      { shasum: '6e7c972fc371c645a6afb03ab14769def114fcc0',
48 silly resolved        tarball: 'http://registry.npmjs.org/zlib/-/zlib-1.0.5.tgz' },
48 silly resolved     maintainers: [ [Object], [Object], [Object], [Object], [Object] ],
48 silly resolved     directories: {},
48 silly resolved     _shasum: '6e7c972fc371c645a6afb03ab14769def114fcc0',
48 silly resolved     _from: 'zlib@',
48 silly resolved     _resolved: 'https://registry.npmjs.org/zlib/-/zlib-1.0.5.tgz' } ]
49 info install zlib@1.0.5 into /Users/peihengyang/Documents/DT/GameServer
50 info installOne zlib@1.0.5
51 verbose node_modules/zlib unbuild
52 verbose tar unpack /Users/peihengyang/.npm/zlib/1.0.5/package.tgz
53 silly lockFile a1b4b8c7--DT-GameServer-node-modules-zlib tar:///Users/peihengyang/Documents/DT/GameServer/node_modules/zlib
54 verbose lock tar:///Users/peihengyang/Documents/DT/GameServer/node_modules/zlib /Users/peihengyang/.npm/a1b4b8c7--DT-GameServer-node-modules-zlib.lock
55 silly lockFile c0973bfe-gyang-npm-zlib-1-0-5-package-tgz tar:///Users/peihengyang/.npm/zlib/1.0.5/package.tgz
56 verbose lock tar:///Users/peihengyang/.npm/zlib/1.0.5/package.tgz /Users/peihengyang/.npm/c0973bfe-gyang-npm-zlib-1-0-5-package-tgz.lock
57 silly gunzTarPerm modes [ '755', '644' ]
58 silly gunzTarPerm extractEntry .gitignore
59 silly gunzTarPerm extractEntry configure
60 silly gunzTarPerm extractEntry index.js
61 silly gunzTarPerm extractEntry LICENSE
62 silly gunzTarPerm extractEntry Makefile
63 silly gunzTarPerm extractEntry package.json
64 silly gunzTarPerm extractEntry README.md
65 silly gunzTarPerm extractEntry wscript
66 silly gunzTarPerm extractEntry lib/zlib.js
67 silly gunzTarPerm extractEntry src/node-zlib.cc
68 silly gunzTarPerm extractEntry test/deflate.test.js
69 silly gunzTarPerm extractEntry test/inflate.test.js
70 silly lockFile a1b4b8c7--DT-GameServer-node-modules-zlib tar:///Users/peihengyang/Documents/DT/GameServer/node_modules/zlib
71 silly lockFile a1b4b8c7--DT-GameServer-node-modules-zlib tar:///Users/peihengyang/Documents/DT/GameServer/node_modules/zlib
72 silly lockFile c0973bfe-gyang-npm-zlib-1-0-5-package-tgz tar:///Users/peihengyang/.npm/zlib/1.0.5/package.tgz
73 silly lockFile c0973bfe-gyang-npm-zlib-1-0-5-package-tgz tar:///Users/peihengyang/.npm/zlib/1.0.5/package.tgz
74 info preinstall zlib@1.0.5
75 verbose unsafe-perm in lifecycle false
76 info zlib@1.0.5 Failed to exec preinstall script
77 verbose node_modules/zlib unbuild
78 info preuninstall zlib@1.0.5
79 info uninstall zlib@1.0.5
80 verbose true,/Users/peihengyang/Documents/DT/GameServer/node_modules,/Users/peihengyang/Documents/DT/GameServer/node_modules unbuild zlib@1.0.5
81 info postuninstall zlib@1.0.5
82 error zlib@1.0.5 preinstall: `node-waf clean || true; node-waf configure build`
82 error Exit status 127
83 error Failed at the zlib@1.0.5 preinstall script.
83 error This is most likely a problem with the zlib package,
83 error not with npm itself.
83 error Tell the author that this fails on your system:
83 error     node-waf clean || true; node-waf configure build
83 error You can get their info via:
83 error     npm owner ls zlib
83 error There is likely additional logging output above.
84 error System Darwin 14.3.0
85 error command "node" "/usr/local/bin/npm" "install" "zlib"
86 error cwd /Users/peihengyang/Documents/DT/GameServer
87 error node -v v0.10.31
88 error npm -v 1.4.23
89 error code ELIFECYCLE
90 verbose exit [ 1, true ]
